C51 COMPILER V9.50a   MENU                                                                 10/27/2019 15:15:53 PAGE 1   


C51 COMPILER V9.50a, COMPILATION OF MODULE MENU
OBJECT MODULE PLACED IN menu.obj
COMPILER INVOKED BY: D:\KeilC51\C51\BIN\C51.EXE driver\menu.c BROWSE INCDIR(.\driver) DEBUG OBJECTEXTEND PRINT(.\menu.ls
                    -t) TABS(2) OBJECT(menu.obj)

line level    source

   1          #include <STC12C5A60S2.H>
   2          #include "menu.h"
   3          #include "menufun.h"
   4          
   5          KbdTabStruct code Key[MENU_SIZE] = 
   6          { 
   7              //当前索引  上一索引  下一索引  确定进入索引  返回进入索引  当前操作函数
   8             {0,0,0,0,0,(*MainWin)},//主界面
   9             {1,2,2,3,0,(*pressureMenu)},//压力阈值设置选项
  10             {2,1,1,4,0,(*DistanceMenu)},//距离阈值设置选项
  11              
  12             {3,3,3,0,1,(*ChangePressure)},//调整压力阈值
  13             {4,4,4,0,2,(*ChangeDistance)},//调整距离阈值
  14          
  15          
  16          
  17          };
  18          
  19          
  20          
  21          
  22          
  23          


MODULE INFORMATION:   STATIC OVERLAYABLE
   CODE SIZE        =   ----    ----
   CONSTANT SIZE    =    160    ----
   XDATA SIZE       =   ----    ----
   PDATA SIZE       =   ----    ----
   DATA SIZE        =   ----    ----
   IDATA SIZE       =   ----    ----
   BIT SIZE         =   ----    ----
END OF MODULE INFORMATION.


C51 COMPILATION COMPLETE.  0 WARNING(S),  0 ERROR(S)
