C51 COMPILER V9.00   UART                                                                  11/02/2019 16:53:26 PAGE 1   


C51 COMPILER V9.00, COMPILATION OF MODULE UART
OBJECT MODULE PLACED IN uart.obj
COMPILER INVOKED BY: C:\Keil_v4\C51\BIN\C51.EXE driver\uart.c BROWSE INCDIR(.\driver) DEBUG OBJECTEXTEND PRINT(.\uart.ls
                    -t) OBJECT(uart.obj)

line level    source

   1          #include <STC12C5A60S2.H>
   2          
   3          #include "uart.h"
   4          #include "stdio.h"
   5          
   6          void UartInit(void)             //9600bps@12MHz
   7          {
   8   1              PCON &= 0x7F;           //波特率不倍速
   9   1              SCON = 0x50;            //8位数据,可变波特率
  10   1              AUXR |= 0x04;           //独立波特率发生器时钟为Fosc,即1T
  11   1              BRT = 0xD9;             //设定独立波特率发生器重装值
  12   1              AUXR |= 0x01;           //串口1选择独立波特率发生器为波特率发生器
  13   1              AUXR |= 0x10;           //启动独立波特率发生器
  14   1              
  15   1              //ES = 1;                        //串口中断使能
  16   1              //TI = 1;                        //发送中断标记位，必须设置 这两句是为了使用printf函数 如果不使用printf函数 则可以去掉
  17   1              
  18   1      }
  19          
  20          /****************串行口1发送****************/  
  21          // void UART1_SendOneByte(unsigned char c)  
  22          // {  
  23          //     SBUF = c;  
  24          //     while(!TI);    //若TI=0，在此等待  
  25          //     TI = 0;    
  26          // }  
  27          
  28          /*
  29           * putchar (mini version): outputs charcter only
  30           */
  31          // char putchar (char c) 
  32          // {
  33          //   while (!TI);
  34          //   TI = 0;
  35          //   return (SBUF = c);
  36          // }
  37          


MODULE INFORMATION:   STATIC OVERLAYABLE
   CODE SIZE        =     19    ----
   CONSTANT SIZE    =   ----    ----
   XDATA SIZE       =   ----    ----
   PDATA SIZE       =   ----    ----
   DATA SIZE        =   ----    ----
   IDATA SIZE       =   ----    ----
   BIT SIZE         =   ----    ----
END OF MODULE INFORMATION.


C51 COMPILATION COMPLETE.  0 WARNING(S),  0 ERROR(S)
