C51 COMPILER V9.53.0.0   MAIN                                                              04/14/2019 15:53:10 PAGE 1   


C51 COMPILER V9.53.0.0, COMPILATION OF MODULE MAIN
OBJECT MODULE PLACED IN .\Output\main.obj
COMPILER INVOKED BY: C:\Keil_c51\C51\BIN\C51.EXE Source\main.c OPTIMIZE(8,SPEED) BROWSE INCDIR(..\..\Include) DEFINE(FOS
                    -C_160000) DEBUG OBJECTEXTEND PRINT(.\LST\main.lst) TABS(2) OBJECT(.\Output\main.obj)

line level    source

   1          /*--------------------------------------------------------------------------------------------------------
             --*/
   2          /*                                                                                                        
             - */
   3          /* Copyright(c) 2016 Nuvoton Technology Corp. All rights reserved.                                        
             - */
   4          /*                                                                                                        
             - */
   5          /*--------------------------------------------------------------------------------------------------------
             --*/
   6          
   7          //********************************************************************************************************
             -***
   8          //  Nuvoton Technoledge Corp. 
   9          //  Website: http://www.nuvoton.com
  10          //  E-Mail : MicroC-8bit@nuvoton.com
  11          //  Date   : Apr/21/2016
  12          //********************************************************************************************************
             -***
  13          
  14          //********************************************************************************************************
             -***
  15          //  File Function: N76E003 UART-0 Mode3 demo code
  16          //********************************************************************************************************
             -***
  17          
  18          #include <stdio.h>
  19          #include "N76E003.h"
  20          #include "SFR_Macro.h"
  21          #include "Common.h"
  22          #include "Delay.h"
  23          #include "Function_Define.h"
  24          
  25          #define BUFFER_SIZE   16
  26          
  27          unsigned char rxbuf[16],rxempty, rxcnt,rxflag,waitflag;
  28          unsigned short int length_val;
  29          unsigned int timeout;
  30          /**
  31           * FUNCTION_PURPOSE: serial interrupt, echo received data.
  32           * FUNCTION_INPUTS: P3.0(RXD) serial input
  33           * FUNCTION_OUTPUTS: P3.1(TXD) serial output
  34           */
  35          void serial_IT(void) interrupt 4 
  36          {
  37   1          if (RI) 
  38   1          {                                       /* if reception occur */
  39   2              clr_RI;                             /* clear reception flag for next reception */
  40   2            
  41   2              if(rxflag==0)
  42   2              {
  43   3                rxbuf[rxcnt++] = SBUF;
  44   3                if(rxcnt>2)
  45   3                {
C51 COMPILER V9.53.0.0   MAIN                                                              04/14/2019 15:53:10 PAGE 2   

  46   4                  if(waitflag==1)
  47   4                  {
  48   5                    if((rxbuf[rxcnt-2]=='o')&&(rxbuf[rxcnt-1]=='k'))//串口接收距离数据格式ASCII码0mm~2000mm
  49   5                    {
  50   6                      waitflag=2;
  51   6                    }
  52   5                  }
  53   4                  else
  54   4                  {
  55   5                    if((rxbuf[rxcnt-1]=='m')&&(rxbuf[rxcnt-2]=='m'))//串口接收距离数据格式ASCII码0mm~2000mm
  56   5                    {
  57   6                      rxflag=1;
  58   6                    }
  59   5                  }
  60   4                }
  61   3                else if(rxcnt>=16)
  62   3                {
  63   4                  rxcnt=0;
  64   4                }
  65   3              }
  66   2              else
  67   2              {
  68   3                rxempty = SBUF;
  69   3              }
  70   2              
  71   2          }
  72   1          if(TI)
  73   1          {
  74   2              clr_TI;                             /* if emission occur */
  75   2          }
  76   1      }
  77          /*********************************************************************************************************
             -***
  78          *    Main function 
  79          **********************************************************************************************************
             -**/
  80          void main (void)
  81          {
  82   1        unsigned char i;
  83   1         
  84   1        P06_Quasi_Mode;                       //Set UART GPIO are Quasi Mode
  85   1        P07_Quasi_Mode;
  86   1        InitialUART0_Timer3(9600);            //9600 Baud Rate from timer1
  87   1        
  88   1        set_ES;                               //enable UART interrupt
  89   1        set_EA;                               //enable global interrupt
  90   1        
  91   1        Send_Data_To_UART0('s');
  92   1        Send_Data_To_UART0('5');
  93   1        Send_Data_To_UART0('-');
  94   1        Send_Data_To_UART0('1');
  95   1        Send_Data_To_UART0('#'); //设为被动读取模式
  96   1        Timer0_Delay1ms(10);
  97   1        waitflag=1;
  98   1        while(waitflag==1);
  99   1        waitflag=0; 
 100   1        Timer0_Delay1ms(1000);
 101   1        rxcnt=0;
 102   1        while(1)
 103   1        {
 104   2          Send_Data_To_UART0('r');
 105   2          Send_Data_To_UART0('6');
C51 COMPILER V9.53.0.0   MAIN                                                              04/14/2019 15:53:10 PAGE 3   

 106   2          Send_Data_To_UART0('#');//主动读取距离命令
 107   2          timeout=10000;
 108   2          while((rxflag==0)&&(timeout--));
 109   2          
 110   2          if(rxflag)//接收到1组有效数据
 111   2          {
 112   3            for(i=0; i<rxcnt; i++)
 113   3            {
 114   4              if(rxbuf[i]=='m')
 115   4              {
 116   5                if(rxbuf[i+1]=='m') //ASCII码转换为16进制数据，单位mm
 117   5                {
 118   6                  if((i>0)&&(rxbuf[i-1]>='0')&&(rxbuf[i-1]<='9'))
 119   6                    length_val=rxbuf[i-1]-'0';
 120   6                  if((i>1)&&(rxbuf[i-2]>='0')&&(rxbuf[i-2]<='9'))
 121   6                    length_val+=(rxbuf[i-2]-'0')*10;
 122   6                  if((i>2)&&(rxbuf[i-3]>='0')&&(rxbuf[i-3]<='9'))
 123   6                    length_val+=(rxbuf[i-3]-'0')*100;
 124   6                  if((i>3)&&(rxbuf[i-4]>='0')&&(rxbuf[i-4]<='9'))
 125   6                    length_val+=(rxbuf[i-4]-'0')*1000;
 126   6                  break;
 127   6                }
 128   5              }
 129   4            }
 130   3            rxflag = 0;
 131   3            rxcnt = 0;
 132   3          }
 133   2        } 
 134   1      }
 135          


MODULE INFORMATION:   STATIC OVERLAYABLE
   CODE SIZE        =    474    ----
   CONSTANT SIZE    =   ----    ----
   XDATA SIZE       =   ----    ----
   PDATA SIZE       =   ----    ----
   DATA SIZE        =     24    ----
   IDATA SIZE       =   ----    ----
   BIT SIZE         =   ----    ----
END OF MODULE INFORMATION.


C51 COMPILATION COMPLETE.  0 WARNING(S),  0 ERROR(S)
